<?xml version='1.0' encoding='UTF-8'?>
<testsuite hostname="Calvins-MacBook-Air-2.local" name="hw1.MajorityCircuitTester" tests="1" errors="0" failures="0" skipped="0" time="1.289" timestamp="2023-03-01T12:30:39">
          <properties>
[...]
</properties>
          <testcase classname="hw1.MajorityCircuitTester" name="MajorityCircuit should correctly pass tests on all 8 possible inputs" time="1.289">
                      
                    </testcase>
          <system-out><![CDATA[]]></system-out>
          <system-err><![CDATA[]]></system-err>
        </testsuite>